<?xml version="1.0" encoding="UTF-8"?>
<!-- Generated by org.testng.reporters.JUnitXMLReporter -->
<testsuite hostname="Terris-MacBook-Air.local" name="Default test" tests="3" failures="0" timestamp="3 Oct 2017 01:22:41 GMT" time="6.995" errors="0">
  <testcase name="checkCorrectNumberOfCategories" time="3.932" classname="com.enservioTest.com.rest.RestTest"/>
  <testcase name="checkCorrectNumberOfQuestions" time="1.818" classname="com.enservioTest.com.rest.RestTest"/>
  <testcase name="verifyCapital" time="0.482" classname="com.enservioTest.com.rest.RestTest"/>
</testsuite> <!-- Default test -->
